<?xml version="1.0" encoding="utf-8"?><testsuites name="pytest tests"><testsuite name="pytest" errors="0" failures="0" skipped="0" tests="26" time="3.871" timestamp="2026-06-11T03:44:23.375746+00:00" hostname="agent-env-696bf97c-da5c-4cb8-92f5-f2ef2636b820"><testcase classname="backend.tests.test_laundry_api.TestAuth" name="test_login_owner" time="0.444" /><testcase classname="backend.tests.test_laundry_api.TestAuth" name="test_login_cashier" time="0.271" /><testcase classname="backend.tests.test_laundry_api.TestAuth" name="test_login_wrong_password" time="0.273" /><testcase classname="backend.tests.test_laundry_api.TestAuth" name="test_me" time="0.048" /><testcase classname="backend.tests.test_laundry_api.TestDashboard" name="test_stats" time="0.061" /><testcase classname="backend.tests.test_laundry_api.TestDashboard" name="test_stats_no_auth" time="0.049" /><testcase classname="backend.tests.test_laundry_api.TestCustomers" name="test_list" time="0.048" /><testcase classname="backend.tests.test_laundry_api.TestCustomers" name="test_create" time="0.048" /><testcase classname="backend.tests.test_laundry_api.TestCustomers" name="test_update" time="0.047" /><testcase classname="backend.tests.test_laundry_api.TestCustomers" name="test_delete" time="0.055" /><testcase classname="backend.tests.test_laundry_api.TestServices" name="test_list_services" time="0.051" /><testcase classname="backend.tests.test_laundry_api.TestServices" name="test_create_owner" time="0.052" /><testcase classname="backend.tests.test_laundry_api.TestServices" name="test_create_cashier_forbidden" time="0.059" /><testcase classname="backend.tests.test_laundry_api.TestServices" name="test_cleanup" time="0.055" /><testcase classname="backend.tests.test_laundry_api.TestOrders" name="test_create_customer_for_order" time="0.051" /><testcase classname="backend.tests.test_laundry_api.TestOrders" name="test_create_order" time="0.103" /><testcase classname="backend.tests.test_laundry_api.TestOrders" name="test_get_order" time="0.050" /><testcase classname="backend.tests.test_laundry_api.TestOrders" name="test_update_status" time="0.049" /><testcase classname="backend.tests.test_laundry_api.TestOrders" name="test_update_payment" time="0.047" /><testcase classname="backend.tests.test_laundry_api.TestOrders" name="test_list_orders_filter" time="0.047" /><testcase classname="backend.tests.test_laundry_api.TestOrders" name="test_midtrans_paid_400" time="0.058" /><testcase classname="backend.tests.test_laundry_api.TestOrders" name="test_midtrans_unpaid_502" time="1.342" /><testcase classname="backend.tests.test_laundry_api.TestOrders" name="test_cleanup_order" time="0.102" /><testcase classname="backend.tests.test_laundry_api.TestUserMgmt" name="test_register_as_owner" time="0.274" /><testcase classname="backend.tests.test_laundry_api.TestUserMgmt" name="test_register_as_cashier_forbidden" time="0.046" /><testcase classname="backend.tests.test_laundry_api.TestUserMgmt" name="test_delete_user_as_owner" time="0.052" /></testsuite></testsuites>